<?xml version="1.0" encoding="UTF-8"?>
<testng-results ignored="0" total="1" passed="1" failed="0" skipped="0">
  <reporter-output>
  </reporter-output>
  <suite started-at="2026-01-11T18:49:02 IST" name="Default suite" finished-at="2026-01-11T18:49:05 IST" duration-ms="3427">
    <groups>
    </groups>
    <test started-at="2026-01-11T18:49:02 IST" name="Default test" finished-at="2026-01-11T18:49:05 IST" duration-ms="3427">
      <class name="com.opencart.tests.RegisterTest">
        <test-method is-config="true" signature="setUp()[pri:0, instance:com.opencart.tests.RegisterTest@48f2bd5b]" started-at="2026-01-11T18:49:02 IST" name="setUp" finished-at="2026-01-11T18:49:04 IST" duration-ms="1792" status="PASS">
          <reporter-output>
          </reporter-output>
        </test-method> <!-- setUp -->
        <test-method signature="registerUserTest()[pri:0, instance:com.opencart.tests.RegisterTest@48f2bd5b]" started-at="2026-01-11T18:49:04 IST" name="registerUserTest" finished-at="2026-01-11T18:49:05 IST" duration-ms="1425" status="PASS">
          <reporter-output>
          </reporter-output>
        </test-method> <!-- registerUserTest -->
        <test-method is-config="true" signature="tearDown()[pri:0, instance:com.opencart.tests.RegisterTest@48f2bd5b]" started-at="2026-01-11T18:49:05 IST" name="tearDown" finished-at="2026-01-11T18:49:05 IST" duration-ms="161" status="PASS">
          <reporter-output>
          </reporter-output>
        </test-method> <!-- tearDown -->
      </class> <!-- com.opencart.tests.RegisterTest -->
    </test> <!-- Default test -->
  </suite> <!-- Default suite -->
</testng-results>
